2018-01-27 16:28:45 INFO  JavaRushTasksProjectComponent.projectOpened(68) - ---------- Project JavaRushTasks opened ----------

2018-01-27 16:28:45 INFO  ApacheHttpClient.createAsyncHttpClient(125) - Выбрано 1 прокси.
2018-01-27 16:28:45 INFO  ApacheHttpClient.<init>(85) - ApacheHttpClient проинстанциирован успешно.
2018-01-27 16:28:46 INFO  ApacheHttpClient.testConnection(178) - responseCode = 200
2018-01-27 16:28:46 INFO  ApacheHttpClient.testConnection(185) - result = true
2018-01-27 16:28:47 INFO  ApacheHttpClient.login(209) - Ожидание ответа сервера.
2018-01-27 16:28:47 INFO  ApacheHttpClient.login(213) - responseCode = 200
2018-01-27 16:28:47 INFO  ApacheHttpClient.login(244) - JSESSIONID=A63DC8C671E601CFA7268606B0AB26F8
2018-01-27 16:28:47 INFO  ApacheHttpClient.refreshUserInfo(272) - responseCode = 200
2018-01-27 16:28:47 INFO  ApacheHttpClient.refreshUserInfo(278) - Информация о пользователе получена.
2018-01-27 16:28:48 INFO  ApacheHttpClient.startGA(32) - GAService запущен.
2018-01-27 16:28:48 INFO  AbstractRestApiClient.startService(70) - EventsService запущен.
2018-01-27 16:29:52 INFO  ApacheHttpClient.getWebResourceAsStream(420) - responseCode = 200
2018-01-27 16:29:52 INFO  ApacheHttpClient.getFilteredTasks(307) - responseCode = 200
2018-01-27 16:30:00 INFO  ApacheHttpClient.getFilteredTasks(307) - responseCode = 200
2018-01-27 16:30:05 INFO  ApacheHttpClient.getFilteredTasks(307) - responseCode = 200
2018-01-27 16:30:08 INFO  ApacheHttpClient.getTaskTemplateInfo(324) - responseCode = 200
2018-01-27 16:30:10 INFO  ApacheHttpClient.testConnection(178) - responseCode = 200
2018-01-27 16:30:10 INFO  ApacheHttpClient.testConnection(185) - result = true
2018-01-27 16:30:10 INFO  ApacheHttpClient.testConnection(178) - responseCode = 200
2018-01-27 16:30:10 INFO  ApacheHttpClient.testConnection(185) - result = true
2018-01-27 16:30:11 INFO  ApacheHttpClient.getWebResourceAsStream(420) - responseCode = 200
2018-01-27 16:30:48 INFO  ApacheHttpClient.sendEvent(450) - responseCode = 200
2018-01-27 16:31:48 INFO  ApacheHttpClient.sendEvent(450) - responseCode = 200
2018-01-27 16:32:48 INFO  ApacheHttpClient.sendEvent(450) - responseCode = 200
2018-01-27 16:33:48 INFO  ApacheHttpClient.sendEvent(450) - responseCode = 200
2018-01-27 16:34:48 INFO  ApacheHttpClient.sendEvent(450) - responseCode = 200
2018-01-27 16:35:48 INFO  ApacheHttpClient.sendEvent(450) - responseCode = 200
2018-01-27 16:36:48 INFO  ApacheHttpClient.sendEvent(450) - responseCode = 200
2018-01-27 16:37:48 INFO  ApacheHttpClient.sendEvent(450) - responseCode = 200
2018-01-27 16:38:48 INFO  ApacheHttpClient.sendEvent(450) - responseCode = 200
2018-01-27 16:39:48 INFO  ApacheHttpClient.sendEvent(450) - responseCode = 200
2018-01-27 16:40:41 INFO  JavaRushTasksProjectComponent.projectClosing(157) - ---------- Project JavaRushTasks closed ----------

2018-01-27 16:40:41 INFO  ApacheHttpClient.getTask(405) - responseCode = 200
2018-01-28 11:52:43 INFO  JavaRushTasksProjectComponent.projectOpened(68) - ---------- Project JavaRushTasks opened ----------

2018-01-28 11:52:43 INFO  ApacheHttpClient.createAsyncHttpClient(125) - Выбрано 1 прокси.
2018-01-28 11:52:43 INFO  ApacheHttpClient.<init>(85) - ApacheHttpClient проинстанциирован успешно.
2018-01-28 11:52:44 INFO  ApacheHttpClient.testConnection(178) - responseCode = 200
2018-01-28 11:52:44 INFO  ApacheHttpClient.testConnection(185) - result = true
2018-01-28 11:52:44 INFO  ApacheHttpClient.login(209) - Ожидание ответа сервера.
2018-01-28 11:52:44 INFO  ApacheHttpClient.login(209) - Ожидание ответа сервера.
2018-01-28 11:52:44 INFO  ApacheHttpClient.login(209) - Ожидание ответа сервера.
2018-01-28 11:52:45 INFO  ApacheHttpClient.login(209) - Ожидание ответа сервера.
2018-01-28 11:52:45 INFO  ApacheHttpClient.login(213) - responseCode = 200
2018-01-28 11:52:45 INFO  ApacheHttpClient.login(244) - JSESSIONID=AFCA45506F9914E9457585B77608E2BB
2018-01-28 11:52:45 INFO  ApacheHttpClient.refreshUserInfo(272) - responseCode = 200
2018-01-28 11:52:45 INFO  ApacheHttpClient.refreshUserInfo(278) - Информация о пользователе получена.
2018-01-28 11:52:45 INFO  ApacheHttpClient.startGA(32) - GAService запущен.
2018-01-28 11:52:45 INFO  AbstractRestApiClient.startService(70) - EventsService запущен.
2018-01-28 11:52:50 INFO  ApacheHttpClient.testConnection(178) - responseCode = 200
2018-01-28 11:52:50 INFO  ApacheHttpClient.testConnection(185) - result = true
2018-01-28 11:52:50 INFO  ApacheHttpClient.testConnection(178) - responseCode = 200
2018-01-28 11:52:50 INFO  ApacheHttpClient.testConnection(185) - result = true
2018-01-28 11:52:54 INFO  ApacheHttpClient.getWebResourceAsStream(420) - responseCode = 200
2018-01-28 11:52:59 INFO  ApacheHttpClient.testConnection(178) - responseCode = 200
2018-01-28 11:52:59 INFO  ApacheHttpClient.testConnection(185) - result = true
2018-01-28 11:53:02 INFO  ApacheHttpClient.testConnection(178) - responseCode = 200
2018-01-28 11:53:02 INFO  ApacheHttpClient.testConnection(185) - result = true
2018-01-28 11:53:03 INFO  ApacheHttpClient.testConnection(178) - responseCode = 200
2018-01-28 11:53:03 INFO  ApacheHttpClient.testConnection(185) - result = true
2018-01-28 11:53:45 INFO  ApacheHttpClient.sendEvent(450) - responseCode = 200
2018-01-28 11:54:45 INFO  ApacheHttpClient.sendEvent(450) - responseCode = 200
2018-01-28 11:55:45 INFO  ApacheHttpClient.sendEvent(450) - responseCode = 200
2018-01-28 11:56:45 INFO  ApacheHttpClient.sendEvent(450) - responseCode = 200
2018-01-28 11:57:45 INFO  ApacheHttpClient.sendEvent(450) - responseCode = 200
2018-01-28 11:58:45 INFO  ApacheHttpClient.sendEvent(450) - responseCode = 200
2018-01-28 11:59:45 INFO  ApacheHttpClient.sendEvent(450) - responseCode = 200
2018-01-28 12:00:45 INFO  ApacheHttpClient.sendEvent(450) - responseCode = 200
2018-01-28 12:01:45 INFO  ApacheHttpClient.sendEvent(450) - responseCode = 200
2018-01-28 12:02:45 INFO  ApacheHttpClient.sendEvent(450) - responseCode = 200
2018-01-28 12:03:45 INFO  ApacheHttpClient.sendEvent(450) - responseCode = 200
2018-01-28 12:04:45 INFO  ApacheHttpClient.sendEvent(450) - responseCode = 200
2018-01-28 12:05:45 INFO  ApacheHttpClient.sendEvent(450) - responseCode = 200
2018-01-28 12:06:45 INFO  ApacheHttpClient.sendEvent(450) - responseCode = 200
2018-01-28 12:07:45 INFO  ApacheHttpClient.sendEvent(450) - responseCode = 200
2018-01-28 12:08:45 INFO  ApacheHttpClient.sendEvent(450) - responseCode = 200
2018-01-28 12:09:45 INFO  ApacheHttpClient.sendEvent(450) - responseCode = 200
2018-01-28 12:10:45 INFO  ApacheHttpClient.sendEvent(450) - responseCode = 200
2018-01-28 12:11:45 INFO  ApacheHttpClient.sendEvent(450) - responseCode = 200
2018-01-28 12:12:45 INFO  ApacheHttpClient.sendEvent(450) - responseCode = 200
2018-01-28 12:13:45 INFO  ApacheHttpClient.sendEvent(450) - responseCode = 200
2018-01-28 12:14:45 INFO  ApacheHttpClient.sendEvent(450) - responseCode = 200
